<?xml version="1.0" encoding="UTF-8"?>
<testsuite xmlns:xsi="http://www.w3.org/2001/XMLSchema-instance" xsi:noNamespaceSchemaLocation="https://maven.apache.org/surefire/maven-surefire-plugin/xsd/surefire-test-report.xsd" name="com.lattice.latticemail.LatticeMailApplicationTests" time="5.323" tests="2" errors="0" skipped="0" failures="0">
  <properties>
[...]
</properties>
  <testcase name="sendTemplatesMail" classname="com.lattice.latticemail.LatticeMailApplicationTests" time="1.257"/>
  <testcase name="contextLoads" classname="com.lattice.latticemail.LatticeMailApplicationTests" time="0.465"/>
</testsuite>